<?xml version="1.0" encoding="UTF-8"?>
<testng-results ignored="0" total="0" passed="0" failed="0" skipped="0">
  <reporter-output>
  </reporter-output>
  <suite started-at="2021-12-06T22:52:08 NZDT" name="Surefire suite" finished-at="2021-12-06T22:52:34 NZDT" duration-ms="26097">
    <groups>
    </groups>
    <test started-at="2021-12-06T22:52:08 NZDT" name="Surefire test" finished-at="2021-12-06T22:52:34 NZDT" duration-ms="26097">
    </test> <!-- Surefire test -->
  </suite> <!-- Surefire suite -->
</testng-results>
